=== Simulación de línea de ensamblaje (Round Robin (quantum 300 ms)) ===
[Generador] Producto 01 disponible en t=0.001s
[Corte] Producto 01 inicia tramo de 0.300s (restante: 0.400s)
[Generador] Producto 02 disponible en t=0.120s
[Generador] Producto 03 disponible en t=0.260s
[Corte] Producto 01 interrumpido, vuelve a la cola (restante: 0.100s)
[Corte] Producto 01 inicia tramo de 0.100s (restante: 0.100s)
[Generador] Producto 04 disponible en t=0.380s
[Corte] Producto 01 completó la estación (tiempo total restante 0)
[Corte] Producto 02 inicia tramo de 0.300s (restante: 0.400s)
[Ensamblaje] Producto 01 inicia tramo de 0.300s (restante: 0.600s)
[Generador] Producto 05 disponible en t=0.540s
[Corte] Producto 02 interrumpido, vuelve a la cola (restante: 0.100s)
[Corte] Producto 03 inicia tramo de 0.300s (restante: 0.400s)
[Ensamblaje] Producto 01 interrumpido, vuelve a la cola (restante: 0.300s)
[Ensamblaje] Producto 01 inicia tramo de 0.300s (restante: 0.300s)
[Generador] Producto 06 disponible en t=0.720s
[Generador] Producto 07 disponible en t=0.900s
[Corte] Producto 03 interrumpido, vuelve a la cola (restante: 0.100s)
[Ensamblaje] Producto 01 completó la estación (tiempo total restante 0)
[Corte] Producto 04 inicia tramo de 0.300s (restante: 0.400s)
[Empaque] Producto 01 inicia tramo de 0.300s (restante: 0.500s)
[Generador] Producto 08 disponible en t=1.100s
[Corte] Producto 04 interrumpido, vuelve a la cola (restante: 0.100s)
[Corte] Producto 02 inicia tramo de 0.100s (restante: 0.100s)
[Empaque] Producto 01 interrumpido, vuelve a la cola (restante: 0.200s)
[Empaque] Producto 01 inicia tramo de 0.200s (restante: 0.200s)
[Generador] Producto 09 disponible en t=1.319s
[Corte] Producto 02 completó la estación (tiempo total restante 0)
[Corte] Producto 05 inicia tramo de 0.300s (restante: 0.400s)
[Ensamblaje] Producto 02 inicia tramo de 0.300s (restante: 0.600s)
[Generador] Producto 10 disponible en t=1.500s
[Empaque] Producto 01 completó la estación (tiempo total restante 0)
[Corte] Producto 05 interrumpido, vuelve a la cola (restante: 0.100s)
[Corte] Producto 03 inicia tramo de 0.100s (restante: 0.100s)
[Ensamblaje] Producto 02 interrumpido, vuelve a la cola (restante: 0.300s)
[Ensamblaje] Producto 02 inicia tramo de 0.300s (restante: 0.300s)
[Corte] Producto 03 completó la estación (tiempo total restante 0)
[Corte] Producto 06 inicia tramo de 0.300s (restante: 0.400s)
[Ensamblaje] Producto 02 completó la estación (tiempo total restante 0)
[Ensamblaje] Producto 03 inicia tramo de 0.300s (restante: 0.600s)
[Empaque] Producto 02 inicia tramo de 0.300s (restante: 0.500s)
[Corte] Producto 06 interrumpido, vuelve a la cola (restante: 0.100s)
[Corte] Producto 07 inicia tramo de 0.300s (restante: 0.400s)
[Ensamblaje] Producto 03 interrumpido, vuelve a la cola (restante: 0.300s)
[Ensamblaje] Producto 03 inicia tramo de 0.300s (restante: 0.300s)
[Empaque] Producto 02 interrumpido, vuelve a la cola (restante: 0.200s)
[Empaque] Producto 02 inicia tramo de 0.200s (restante: 0.200s)
[Corte] Producto 07 interrumpido, vuelve a la cola (restante: 0.100s)
[Corte] Producto 04 inicia tramo de 0.100s (restante: 0.100s)
[Corte] Producto 04 completó la estación (tiempo total restante 0)
[Corte] Producto 08 inicia tramo de 0.300s (restante: 0.400s)
[Empaque] Producto 02 completó la estación (tiempo total restante 0)
[Ensamblaje] Producto 03 completó la estación (tiempo total restante 0)
[Ensamblaje] Producto 04 inicia tramo de 0.300s (restante: 0.600s)
[Empaque] Producto 03 inicia tramo de 0.300s (restante: 0.500s)
[Corte] Producto 08 interrumpido, vuelve a la cola (restante: 0.100s)
[Corte] Producto 09 inicia tramo de 0.300s (restante: 0.400s)
[Ensamblaje] Producto 04 interrumpido, vuelve a la cola (restante: 0.300s)
[Ensamblaje] Producto 04 inicia tramo de 0.300s (restante: 0.300s)
[Empaque] Producto 03 interrumpido, vuelve a la cola (restante: 0.200s)
[Empaque] Producto 03 inicia tramo de 0.200s (restante: 0.200s)
[Corte] Producto 09 interrumpido, vuelve a la cola (restante: 0.100s)
[Corte] Producto 05 inicia tramo de 0.100s (restante: 0.100s)
[Empaque] Producto 03 completó la estación (tiempo total restante 0)
[Ensamblaje] Producto 04 completó la estación (tiempo total restante 0)
[Empaque] Producto 04 inicia tramo de 0.300s (restante: 0.500s)
[Corte] Producto 05 completó la estación (tiempo total restante 0)
[Corte] Producto 10 inicia tramo de 0.300s (restante: 0.400s)
[Ensamblaje] Producto 05 inicia tramo de 0.300s (restante: 0.600s)
[Corte] Producto 10 interrumpido, vuelve a la cola (restante: 0.100s)
[Corte] Producto 06 inicia tramo de 0.100s (restante: 0.100s)
[Ensamblaje] Producto 05 interrumpido, vuelve a la cola (restante: 0.300s)
[Ensamblaje] Producto 05 inicia tramo de 0.300s (restante: 0.300s)
[Empaque] Producto 04 interrumpido, vuelve a la cola (restante: 0.200s)
[Empaque] Producto 04 inicia tramo de 0.200s (restante: 0.200s)
[Corte] Producto 06 completó la estación (tiempo total restante 0)
[Corte] Producto 07 inicia tramo de 0.100s (restante: 0.100s)
[Empaque] Producto 04 completó la estación (tiempo total restante 0)
[Corte] Producto 07 completó la estación (tiempo total restante 0)
[Corte] Producto 08 inicia tramo de 0.100s (restante: 0.100s)
[Ensamblaje] Producto 05 completó la estación (tiempo total restante 0)
[Ensamblaje] Producto 06 inicia tramo de 0.300s (restante: 0.600s)
[Empaque] Producto 05 inicia tramo de 0.300s (restante: 0.500s)
[Corte] Producto 08 completó la estación (tiempo total restante 0)
[Corte] Producto 09 inicia tramo de 0.100s (restante: 0.100s)
[Corte] Producto 09 completó la estación (tiempo total restante 0)
[Corte] Producto 10 inicia tramo de 0.100s (restante: 0.100s)
[Corte] Producto 10 completó la estación (tiempo total restante 0)
[Ensamblaje] Producto 06 interrumpido, vuelve a la cola (restante: 0.300s)
[Ensamblaje] Producto 07 inicia tramo de 0.300s (restante: 0.600s)
[Empaque] Producto 05 interrumpido, vuelve a la cola (restante: 0.200s)
[Empaque] Producto 05 inicia tramo de 0.200s (restante: 0.200s)
[Empaque] Producto 05 completó la estación (tiempo total restante 0)
[Ensamblaje] Producto 07 interrumpido, vuelve a la cola (restante: 0.300s)
[Ensamblaje] Producto 06 inicia tramo de 0.300s (restante: 0.300s)
[Ensamblaje] Producto 06 completó la estación (tiempo total restante 0)
[Ensamblaje] Producto 08 inicia tramo de 0.300s (restante: 0.600s)
[Empaque] Producto 06 inicia tramo de 0.300s (restante: 0.500s)
[Empaque] Producto 06 interrumpido, vuelve a la cola (restante: 0.200s)
[Empaque] Producto 06 inicia tramo de 0.200s (restante: 0.200s)
[Ensamblaje] Producto 08 interrumpido, vuelve a la cola (restante: 0.300s)
[Ensamblaje] Producto 09 inicia tramo de 0.300s (restante: 0.600s)
[Empaque] Producto 06 completó la estación (tiempo total restante 0)
[Ensamblaje] Producto 09 interrumpido, vuelve a la cola (restante: 0.300s)
[Ensamblaje] Producto 10 inicia tramo de 0.300s (restante: 0.600s)
[Ensamblaje] Producto 10 interrumpido, vuelve a la cola (restante: 0.300s)
[Ensamblaje] Producto 07 inicia tramo de 0.300s (restante: 0.300s)
[Ensamblaje] Producto 07 completó la estación (tiempo total restante 0)
[Ensamblaje] Producto 08 inicia tramo de 0.300s (restante: 0.300s)
[Empaque] Producto 07 inicia tramo de 0.300s (restante: 0.500s)
[Ensamblaje] Producto 08 completó la estación (tiempo total restante 0)
[Ensamblaje] Producto 09 inicia tramo de 0.300s (restante: 0.300s)
[Empaque] Producto 07 interrumpido, vuelve a la cola (restante: 0.200s)
[Empaque] Producto 07 inicia tramo de 0.200s (restante: 0.200s)
[Empaque] Producto 07 completó la estación (tiempo total restante 0)
[Empaque] Producto 08 inicia tramo de 0.300s (restante: 0.500s)
[Ensamblaje] Producto 09 completó la estación (tiempo total restante 0)
[Ensamblaje] Producto 10 inicia tramo de 0.300s (restante: 0.300s)
[Empaque] Producto 08 interrumpido, vuelve a la cola (restante: 0.200s)
[Empaque] Producto 08 inicia tramo de 0.200s (restante: 0.200s)
[Ensamblaje] Producto 10 completó la estación (tiempo total restante 0)
[Empaque] Producto 08 completó la estación (tiempo total restante 0)
[Empaque] Producto 09 inicia tramo de 0.300s (restante: 0.500s)
[Empaque] Producto 09 interrumpido, vuelve a la cola (restante: 0.200s)
[Empaque] Producto 10 inicia tramo de 0.300s (restante: 0.500s)
[Empaque] Producto 10 interrumpido, vuelve a la cola (restante: 0.200s)
[Empaque] Producto 09 inicia tramo de 0.200s (restante: 0.200s)
[Empaque] Producto 09 completó la estación (tiempo total restante 0)
[Empaque] Producto 10 inicia tramo de 0.200s (restante: 0.200s)
[Empaque] Producto 10 completó la estación (tiempo total restante 0)

=== Resultados ===
  Prod     Llegada         Corte        Ensamblaje        Empaque        Espera      Turnaround   
  #01       0.001s     0.001s-0.401s   0.401s-1.002s   1.002s-1.502s     0.000s        1.501s     
  #02       0.120s     0.401s-1.402s   1.402s-2.003s   2.003s-2.504s     0.700s        2.383s     
  #03       0.260s     0.702s-1.803s   2.003s-2.604s   2.604s-3.104s     1.101s        2.844s     
  #04       0.380s     1.002s-2.504s   2.604s-3.204s   3.208s-3.709s     1.701s        3.329s     
  #05       0.540s     1.402s-3.208s   3.209s-3.809s   3.809s-4.310s     2.102s        3.769s     
  #06       0.720s     1.803s-3.620s   3.809s-4.710s   4.710s-5.211s     2.507s        4.490s     
  #07       0.900s     2.103s-3.720s   4.109s-5.912s   5.912s-6.413s     3.820s        5.513s     
  #08       1.100s     2.504s-3.821s   4.710s-6.212s   6.413s-6.913s     3.820s        5.813s     
  #09       1.319s     2.804s-3.921s   5.011s-6.513s   6.913s-7.728s     4.421s        6.409s     
  #10       1.500s     3.208s-4.021s   5.312s-6.813s   7.228s-7.929s     4.536s        6.428s     

Promedio de espera: 2.471s
Promedio de turnaround: 4.248s
Orden final de terminación: [1, 2, 3, 4, 5, 6, 7, 8, 9, 10]
